[  0%] Built target std_msgs_generate_messages_lisp
[  0%] Built target std_msgs_generate_messages_py
[  0%] Built target std_msgs_generate_messages_eus
[  0%] Built target std_msgs_generate_messages_nodejs
[  0%] Built target std_msgs_generate_messages_cpp
[  0%] Built target _gummi_interface_generate_messages_check_deps_Diagnostics
[ 14%] Built target gummi_interface_generate_messages_lisp
[ 42%] Built target gummi_interface_generate_messages_py
[ 71%] Built target gummi_interface_generate_messages_eus
[100%] Built target gummi_interface_generate_messages_nodejs
[100%] [34m[1mGenerating C++ code from gummi_interface/Diagnostics.msg[0m
Traceback (most recent call last):
  File "/opt/ros/kinetic/share/gencpp/cmake/../../../lib/gencpp/gen_cpp.py", line 49, in <module>
    srv_template_map)
  File "/opt/ros/kinetic/lib/python2.7/dist-packages/genmsg/template_tools.py", line 213, in generate_from_command_line_options
    generate_from_file(argv[1], options.package, options.outdir, options.emdir, options.includepath, msg_template_dict, srv_template_dict)
  File "/opt/ros/kinetic/lib/python2.7/dist-packages/genmsg/template_tools.py", line 154, in generate_from_file
    _generate_msg_from_file(input_file, output_dir, template_dir, search_path, package_name, msg_template_dict)
  File "/opt/ros/kinetic/lib/python2.7/dist-packages/genmsg/template_tools.py", line 99, in _generate_msg_from_file
    search_path)
  File "/opt/ros/kinetic/lib/python2.7/dist-packages/genmsg/template_tools.py", line 77, in _generate_from_spec
    interpreter = em.Interpreter(output=ofile, globals=g, options={em.RAW_OPT:True,em.BUFFERED_OPT:True})
AttributeError: 'module' object has no attribute 'Interpreter'
CMakeFiles/gummi_interface_generate_messages_cpp.dir/build.make:62: recipe for target '/home/altair/ws_gummi_popeye/devel/.private/gummi_interface/include/gummi_interface/Diagnostics.h' failed
make[2]: *** [/home/altair/ws_gummi_popeye/devel/.private/gummi_interface/include/gummi_interface/Diagnostics.h] Error 1
make[2]: *** Deleting file '/home/altair/ws_gummi_popeye/devel/.private/gummi_interface/include/gummi_interface/Diagnostics.h'
CMakeFiles/Makefile2:263: recipe for target 'CMakeFiles/gummi_interface_generate_messages_cpp.dir/all' failed
make[1]: *** [CMakeFiles/gummi_interface_generate_messages_cpp.dir/all] Error 2
Makefile:138: recipe for target 'all' failed
make: *** [all] Error 2
